11:20:16 **** Incremental Build of configuration Nios II for project lab2 ****
make all 
Info: Building //files.auckland.ac.nz/myhome/Documents/GitHub/ddd-mode-pacemaker-303-group-10/lab2/cs303__de2_lab2/lab2_bsp/
C:/intelFPGA/18.1/nios2eds/bin/gnu/H-x86_64-mingw32/bin/make --no-print-directory -C //files.auckland.ac.nz/myhome/Documents/GitHub/ddd-mode-pacemaker-303-group-10/lab2/cs303__de2_lab2/lab2_bsp/
[BSP build complete]
Info: Compiling hello_world.c to obj/default/hello_world.o
nios2-elf-gcc -xc -MP -MMD -c -I//files.auckland.ac.nz/myhome/Documents/GitHub/ddd-mode-pacemaker-303-group-10/lab2/cs303__de2_lab2/lab2_bsp//HAL/inc -I//files.auckland.ac.nz/myhome/Documents/GitHub/ddd-mode-pacemaker-303-group-10/lab2/cs303__de2_lab2/lab2_bsp/ -I//files.auckland.ac.nz/myhome/Documents/GitHub/ddd-mode-pacemaker-303-group-10/lab2/cs303__de2_lab2/lab2_bsp//drivers/inc  -pipe -D__hal__ -DALT_NO_INSTRUCTION_EMULATION -DALT_SINGLE_THREADED    -O0 -g -Wall   -mno-hw-div -mhw-mul -mno-hw-mulx -mgpopt=global  -o obj/default/hello_world.o hello_world.c
Info: Linking lab2.elf
nios2-elf-g++  -T'//files.auckland.ac.nz/myhome/Documents/GitHub/ddd-mode-pacemaker-303-group-10/lab2/cs303__de2_lab2/lab2_bsp//linker.x' -msys-crt0='//files.auckland.ac.nz/myhome/Documents/GitHub/ddd-mode-pacemaker-303-group-10/lab2/cs303__de2_lab2/lab2_bsp//obj/HAL/src/crt0.o' -msys-lib=hal_bsp -L//files.auckland.ac.nz/myhome/Documents/GitHub/ddd-mode-pacemaker-303-group-10/lab2/cs303__de2_lab2/lab2_bsp/   -Wl,-Map=lab2.map   -O0 -g -Wall   -mno-hw-div -mhw-mul -mno-hw-mulx -mgpopt=global  -o lab2.elf obj/default/hello_world.o -lm -msys-lib=m
obj/default/hello_world.o: In function `main':
\\FILES.AUCKLAND.AC.NZ\myhome\Documents\GitHub\ddd-mode-pacemaker-303-group-10\lab2\cs303__de2_lab2\actual/hello_world.c:26: undefined reference to `reset'
\\FILES.AUCKLAND.AC.NZ\myhome\Documents\GitHub\ddd-mode-pacemaker-303-group-10\lab2\cs303__de2_lab2\actual/hello_world.c:33: undefined reference to `tick'
collect2.exe: error: ld returned 1 exit status
make: *** [lab2.elf] Error 1
